<?xml version="1.0" encoding="UTF-8"?>
<testsuite xmlns:xsi="http://www.w3.org/2001/XMLSchema-instance" xsi:noNamespaceSchemaLocation="https://maven.apache.org/surefire/maven-surefire-plugin/xsd/surefire-test-report.xsd" name="com.os.jssg.processor.HTMLProcessorTest" time="0.462" tests="6" errors="0" skipped="0" failures="0">
  <properties>
[...]
</properties>
  <testcase name="shouldCreateNoFilesFromEmtyFolderPathAndValidOutputPathAndValidLanguage" classname="com.os.jssg.processor.HTMLProcessorTest" time="0.081"/>
  <testcase name="shouldCreateNewFileFromMdPathAndValidOutputPathAndValidLanguage" classname="com.os.jssg.processor.HTMLProcessorTest" time="0.045"/>
  <testcase name="shouldCreateNoFilesFromInValidPathAndValidOutputPathAndValidLanguage" classname="com.os.jssg.processor.HTMLProcessorTest" time="0.091"/>
  <testcase name="shouldCreateNoFilesFromValidPathAndInvalidOutputPathAndValidLanguage" classname="com.os.jssg.processor.HTMLProcessorTest" time="0.175"/>
  <testcase name="shouldCreateNewFilesFromFolderPathAndValidOutputPathAndValidLanguage" classname="com.os.jssg.processor.HTMLProcessorTest" time="0"/>
  <testcase name="shouldCreateNewFileFromValidPathAndValidOutputPathAndValidLanguage" classname="com.os.jssg.processor.HTMLProcessorTest" time="0.007"/>
</testsuite>